测速日志 2026-07-19 20:39:49
速度阈值: 140KB/s
去重功能: 已启用
EPG源: https://gh-proxy.com/https://raw.githubusercontent.com/adminouyang/231006/refs/heads/main/py/TV/EPG/epg.xml
[2026-07-19 20:39:54] ⚠️ 仅读取 9.2KB 数据: http://kakaxi.indevs.in/Disclaimer.mp4
[2026-07-19 20:39:54] ✅ 测速成功: http://kakaxi.indevs.in/Disclaimer.mp4
   速度: 9159.18KB/s > 140KB/s | 数据量: 9.2KB | 总耗时: 0.44s
[2026-07-19 20:39:54] ⚠️ 仅读取 9.9KB 数据: http://182.61.15.47:80/608807420
[2026-07-19 20:39:54] ⚠️ 速度不足: http://182.61.15.47:80/608807420
   速度: 25.81KB/s <= 140KB/s | 数据量: 9.9KB | 总耗时: 0.77s
[2026-07-19 20:39:55] ⚠️ 仅读取 0.0KB 数据: http://111.231.6.102:1234/608807420
[2026-07-19 20:39:55] ⚠️ 速度不足: http://111.231.6.102:1234/608807420
   速度: 17.58KB/s <= 140KB/s | 数据量: 0.0KB | 总耗时: 0.92s
[2026-07-19 20:39:57] ⚠️ 仅读取 0.6KB 数据: http://gslbmgsplive.miguvideo.com/wd_r2/cctv/cctv1hd/1200/index.m3u8?msisdn=7e9acd15cc43c98bdbcd770d46255874&mdspid=&spid=699004&netType=0&sid=2201057821&pid=2028597139&timestamp=20260720022117&Channel_ID=0116_2600034600-99000-201600010010028&ProgramID=608807420&ParentNodeID=-99&assertID=2201057821&client_ip=39.103.188.159&SecurityKey=20260720022117&promotionId=&mvid=2201057821&mcid=500020&playurlVersion=WX-A1-9.6.1.6-SNAPSHOT&userid=&jmhm=&videocodec=h264&appCode=miguvideo_android&bean=mgspad&tid=android&conFee=0&puData=c80c65f226cf1a181c866b9d8d73fa19&ddCalcu=9c18va0afcy36a75df82d296bc6f618ac118&sv=10004&ct=android
[2026-07-19 20:39:57] ✅ 测速成功: http://gslbmgsplive.miguvideo.com/wd_r2/cctv/cctv1hd/1200/index.m3u8?msisdn=7e9acd15cc43c98bdbcd770d46255874&mdspid=&spid=699004&netType=0&sid=2201057821&pid=2028597139&timestamp=20260720022117&Channel_ID=0116_2600034600-99000-201600010010028&ProgramID=608807420&ParentNodeID=-99&assertID=2201057821&client_ip=39.103.188.159&SecurityKey=20260720022117&promotionId=&mvid=2201057821&mcid=500020&playurlVersion=WX-A1-9.6.1.6-SNAPSHOT&userid=&jmhm=&videocodec=h264&appCode=miguvideo_android&bean=mgspad&tid=android&conFee=0&puData=c80c65f226cf1a181c866b9d8d73fa19&ddCalcu=9c18va0afcy36a75df82d296bc6f618ac118&sv=10004&ct=android
   速度: 646.48KB/s > 140KB/s | 数据量: 0.6KB | 总耗时: 1.71s
[2026-07-19 20:39:58] ⚠️ 仅读取 0.0KB 数据: http://175.178.243.33:8787/608807420
[2026-07-19 20:39:58] ⚠️ 速度不足: http://175.178.243.33:8787/608807420
   速度: 17.58KB/s <= 140KB/s | 数据量: 0.0KB | 总耗时: 0.90s
[2026-07-19 20:40:00] ✅ 测速成功: https://live.ottiptv.cc/douyu/4549169
   速度: 2603.06KB/s > 140KB/s | 数据量: 104.0KB | 总耗时: 1.56s
[2026-07-19 20:40:00] ⚠️ 仅读取 0.2KB 数据: http://183.11.239.36:808/hls/19/index.m3u8
[2026-07-19 20:40:00] ✅ 测速成功: http://183.11.239.36:808/hls/19/index.m3u8
   速度: 229.49KB/s > 140KB/s | 数据量: 0.2KB | 总耗时: 0.39s
[2026-07-19 20:40:00] ⚠️ 仅读取 0.0KB 数据: http://74.91.26.218:82/live/cctv1hd.m3u8
[2026-07-19 20:40:00] ⚠️ 速度不足: http://74.91.26.218:82/live/cctv1hd.m3u8
   速度: 40.04KB/s <= 140KB/s | 数据量: 0.0KB | 总耗时: 0.10s
[2026-07-19 20:40:01] ⚠️ 仅读取 0.2KB 数据: http://182.150.23.74:808/hls/1/index.m3u8
[2026-07-19 20:40:01] ✅ 测速成功: http://182.150.23.74:808/hls/1/index.m3u8
   速度: 245.12KB/s > 140KB/s | 数据量: 0.2KB | 总耗时: 0.55s
[2026-07-19 20:40:01] ⚠️ 仅读取 0.2KB 数据: http://112.27.235.94:8000/hls/2/index.m3u8
[2026-07-19 20:40:01] ✅ 测速成功: http://112.27.235.94:8000/hls/2/index.m3u8
   速度: 246.09KB/s > 140KB/s | 数据量: 0.2KB | 总耗时: 0.41s
[2026-07-19 20:40:02] ⚠️ 仅读取 0.2KB 数据: http://121.57.88.206:898/hls/3/index.m3u8
[2026-07-19 20:40:02] ✅ 测速成功: http://121.57.88.206:898/hls/3/index.m3u8
   速度: 240.23KB/s > 140KB/s | 数据量: 0.2KB | 总耗时: 0.71s
[2026-07-19 20:40:02] ⚠️ 仅读取 0.2KB 数据: http://112.46.85.60:8009/hls/3/index.m3u8
[2026-07-19 20:40:02] ✅ 测速成功: http://112.46.85.60:8009/hls/3/index.m3u8
   速度: 223.63KB/s > 140KB/s | 数据量: 0.2KB | 总耗时: 0.42s
[2026-07-19 20:40:03] ⚠️ 仅读取 0.4KB 数据: https://dash2.antik.sk/live/test_cctv_tizen/playlist.m3u8
[2026-07-19 20:40:03] ✅ 测速成功: https://dash2.antik.sk/live/test_cctv_tizen/playlist.m3u8
   速度: 415.04KB/s > 140KB/s | 数据量: 0.4KB | 总耗时: 0.65s
[2026-07-19 20:40:03] ⚠️ 仅读取 0.2KB 数据: https://global.cgtn.cicc.media.caton.cloud/master/cgtn-america.m3u8
[2026-07-19 20:40:03] ✅ 测速成功: https://global.cgtn.cicc.media.caton.cloud/master/cgtn-america.m3u8
   速度: 221.68KB/s > 140KB/s | 数据量: 0.2KB | 总耗时: 0.54s
[2026-07-19 20:40:05] ⚠️ 仅读取 0.2KB 数据: http://gmxw.7766.org:808/hls/93/index.m3u8
[2026-07-19 20:40:05] ✅ 测速成功: http://gmxw.7766.org:808/hls/93/index.m3u8
   速度: 239.26KB/s > 140KB/s | 数据量: 0.2KB | 总耗时: 2.13s
[2026-07-19 20:40:07] ⚠️ 仅读取 0.2KB 数据: http://cssbyd.imwork.net:8082/hls/6/index.m3u8
[2026-07-19 20:40:07] ✅ 测速成功: http://cssbyd.imwork.net:8082/hls/6/index.m3u8
   速度: 234.38KB/s > 140KB/s | 数据量: 0.2KB | 总耗时: 1.32s
[2026-07-19 20:40:07] ⚠️ 仅读取 0.4KB 数据: http://61.136.172.236:9901/tsfile/live/0016_1.m3u8
[2026-07-19 20:40:07] ✅ 测速成功: http://61.136.172.236:9901/tsfile/live/0016_1.m3u8
   速度: 423.83KB/s > 140KB/s | 数据量: 0.4KB | 总耗时: 0.42s
[2026-07-19 20:40:08] ⚠️ 仅读取 0.4KB 数据: http://153.0.171.163:85/tsfile/live/1015_1.m3u8?key=txiptv&playlive=1&authid=0
[2026-07-19 20:40:08] ✅ 测速成功: http://153.0.171.163:85/tsfile/live/1015_1.m3u8?key=txiptv&playlive=1&authid=0
   速度: 422.85KB/s > 140KB/s | 数据量: 0.4KB | 总耗时: 0.43s
[2026-07-19 20:40:08] ⚠️ 仅读取 0.4KB 数据: http://59.39.89.130:60901/tsfile/live/0006_1.m3u8?key=txiptv&playlive=1&authid=0
[2026-07-19 20:40:08] ✅ 测速成功: http://59.39.89.130:60901/tsfile/live/0006_1.m3u8?key=txiptv&playlive=1&authid=0
   速度: 418.95KB/s > 140KB/s | 数据量: 0.4KB | 总耗时: 0.55s
[2026-07-19 20:40:08] ❌ 测速失败: http://125.42.148.114:9901/tsfile/live/1007_1.m3u8?key=txiptv&playlive=1&authid=0
   错误: HTTPConnectionPool(host='125.42.148.114', port=9901): Max retries exceeded with url: /tsfile/live/1007_1.m3u8?key=txiptv&playlive=1&authid=0 (Caused by NewConnectionError("HTTPConnection(host='125.42.148.114', port=9901): Failed to establish a new connection: [Errno 111] Connection refused")) | 域名: 125.42.148.114:9901
[2026-07-19 20:40:09] ⚠️ 仅读取 0.4KB 数据: http://124.165.251.82:85/tsfile/live/0008_1.m3u8?key=txiptv&playlive=1&authid=0
[2026-07-19 20:40:09] ✅ 测速成功: http://124.165.251.82:85/tsfile/live/0008_1.m3u8?key=txiptv&playlive=1&authid=0
   速度: 418.95KB/s > 140KB/s | 数据量: 0.4KB | 总耗时: 0.43s
[2026-07-19 20:40:09] ⚠️ 仅读取 0.6KB 数据: http://120.202.94.181:9446/tsfile/live/0011_1.m3u8?key=txiptv
[2026-07-19 20:40:09] ✅ 测速成功: http://120.202.94.181:9446/tsfile/live/0011_1.m3u8?key=txiptv
   速度: 647.46KB/s > 140KB/s | 数据量: 0.6KB | 总耗时: 0.38s
[2026-07-19 20:40:10] ⚠️ 仅读取 0.2KB 数据: http://222.223.41.27:8888/hls/12/index.m3u8
[2026-07-19 20:40:10] ✅ 测速成功: http://222.223.41.27:8888/hls/12/index.m3u8
   速度: 240.23KB/s > 140KB/s | 数据量: 0.2KB | 总耗时: 0.46s
[2026-07-19 20:40:11] ⚠️ 仅读取 0.3KB 数据: http://ali-m-l.cztv.com/channels/lantian/channel21/1080p.m3u8
[2026-07-19 20:40:11] ✅ 测速成功: http://ali-m-l.cztv.com/channels/lantian/channel21/1080p.m3u8
   速度: 291.99KB/s > 140KB/s | 数据量: 0.3KB | 总耗时: 1.07s
[2026-07-19 20:40:12] ✅ 测速成功: http://drive.mxmy.net:8888/udp/239.3.1.184:8001
   速度: 157.49KB/s > 140KB/s | 数据量: 104.0KB | 总耗时: 1.11s
[2026-07-19 20:40:13] ⚠️ 仅读取 0.3KB 数据: https://shcm-stream-cf1.stream.264788.xyz/cms001/ch00000090990000001620/index.m3u8?streamid=8a034b40397504e25b3775c772237996&streamkey=01vY5fRxC8VyKg4oq30vfikHXTCAKySLP29l6OG91kQlzDttHgzNLkUw5kivm3PfNsVHJv5FgdsPBYFYI2IWpt7tfRCuFHqLT2pvX67ubMds8jl2DHtvOh0&token=1775754349-4f33f4f84a4abeba-0-91687dc8c9325092efa1d00f330d2710
[2026-07-19 20:40:13] ✅ 测速成功: https://shcm-stream-cf1.stream.264788.xyz/cms001/ch00000090990000001620/index.m3u8?streamid=8a034b40397504e25b3775c772237996&streamkey=01vY5fRxC8VyKg4oq30vfikHXTCAKySLP29l6OG91kQlzDttHgzNLkUw5kivm3PfNsVHJv5FgdsPBYFYI2IWpt7tfRCuFHqLT2pvX67ubMds8jl2DHtvOh0&token=1775754349-4f33f4f84a4abeba-0-91687dc8c9325092efa1d00f330d2710
   速度: 335.94KB/s > 140KB/s | 数据量: 0.3KB | 总耗时: 0.73s
[2026-07-19 20:40:13] ⚠️ 仅读取 0.2KB 数据: https://epg.pw/stream/ac8062ec9484078061d3bef507c15a423ac57ae4144e3fcc4b0a198dd420f911.m3u8
[2026-07-19 20:40:13] ✅ 测速成功: https://epg.pw/stream/ac8062ec9484078061d3bef507c15a423ac57ae4144e3fcc4b0a198dd420f911.m3u8
   速度: 193.36KB/s > 140KB/s | 数据量: 0.2KB | 总耗时: 0.23s
[2026-07-19 20:40:13] ⚠️ 仅读取 0.4KB 数据: http://english-livetx.cgtn.com/hls/yypdyyctzb_hd.m3u8
[2026-07-19 20:40:13] ✅ 测速成功: http://english-livetx.cgtn.com/hls/yypdyyctzb_hd.m3u8
   速度: 402.34KB/s > 140KB/s | 数据量: 0.4KB | 总耗时: 0.38s
[2026-07-19 20:40:13] ⚠️ 仅读取 0.1KB 数据: https://0472.org/hls/cgtn.m3u8
[2026-07-19 20:40:13] ⚠️ 速度不足: https://0472.org/hls/cgtn.m3u8
   速度: 125.98KB/s <= 140KB/s | 数据量: 0.1KB | 总耗时: 0.10s
[2026-07-19 20:40:14] ✅ 测速成功: https://vd2.bdstatic.com/mda-sctj0f6r4u1bpebc/1080p/cae_h264/1774706523506678171/mda-sctj0f6r4u1bpebc.mp4
   速度: 1201.52KB/s > 140KB/s | 数据量: 104.0KB | 总耗时: 1.02s
[2026-07-19 20:40:15] ✅ 测速成功: https://txmov2.a.kwimgs.com/bs3/video-hls/5219953535631090825_hlsb.m3u8
   速度: 1527.44KB/s > 140KB/s | 数据量: 104.0KB | 总耗时: 0.50s
[2026-07-19 20:40:16] ⚠️ 仅读取 0.8KB 数据: http://bp-resource-dfl.bestv.cn/155/3/video.m3u8
[2026-07-19 20:40:16] ✅ 测速成功: http://bp-resource-dfl.bestv.cn/155/3/video.m3u8
   速度: 831.05KB/s > 140KB/s | 数据量: 0.8KB | 总耗时: 0.73s
[2026-07-19 20:40:17] ⚠️ 仅读取 0.5KB 数据: http://live.zohi.tv/video/s10001-fztv-3/index.m3u8
[2026-07-19 20:40:17] ✅ 测速成功: http://live.zohi.tv/video/s10001-fztv-3/index.m3u8
   速度: 498.05KB/s > 140KB/s | 数据量: 0.5KB | 总耗时: 1.19s
[2026-07-19 20:40:18] ⚠️ 仅读取 0.2KB 数据: https://hlscdn.liangtv.cn/live/de0f97348eb84f62aa6b7d8cf0430770/dd505d87880c478f901f38560ca4d4e6.m3u8
[2026-07-19 20:40:18] ✅ 测速成功: https://hlscdn.liangtv.cn/live/de0f97348eb84f62aa6b7d8cf0430770/dd505d87880c478f901f38560ca4d4e6.m3u8
   速度: 179.69KB/s > 140KB/s | 数据量: 0.2KB | 总耗时: 0.91s
[2026-07-19 20:40:18] ⚠️ 仅读取 0.2KB 数据: http://38.64.72.148:80/hls/modn/list/4009/playlist.m3u8
[2026-07-19 20:40:18] ✅ 测速成功: http://38.64.72.148:80/hls/modn/list/4009/playlist.m3u8
   速度: 227.54KB/s > 140KB/s | 数据量: 0.2KB | 总耗时: 0.03s
[2026-07-19 20:40:19] ⚠️ 仅读取 0.2KB 数据: http://hlsal-ldvt.qing.mgtv.com/nn_live/nn_x64/Y2RuZXhfaWQ9YWxfaGxzX2xkdnQmZT02OTE0NjA0JnY9MSZpZD1ITldTWkdTVCZzPTcwN2RiYTc2YzJjNmJmMTQ4MmUyZGYzOWU2NWM3YWFi/HNWSZGST.m3u8
[2026-07-19 20:40:19] ✅ 测速成功: http://hlsal-ldvt.qing.mgtv.com/nn_live/nn_x64/Y2RuZXhfaWQ9YWxfaGxzX2xkdnQmZT02OTE0NjA0JnY9MSZpZD1ITldTWkdTVCZzPTcwN2RiYTc2YzJjNmJmMTQ4MmUyZGYzOWU2NWM3YWFi/HNWSZGST.m3u8
   速度: 225.59KB/s > 140KB/s | 数据量: 0.2KB | 总耗时: 1.23s
[2026-07-19 20:40:23] ⚠️ 仅读取 0.1KB 数据: http://antvlive.ab5c6921.cdnviet.com/antv/playlist.m3u8
[2026-07-19 20:40:23] ⚠️ 速度不足: http://antvlive.ab5c6921.cdnviet.com/antv/playlist.m3u8
   速度: 123.05KB/s <= 140KB/s | 数据量: 0.1KB | 总耗时: 4.05s
[2026-07-19 20:40:23] ⚠️ 仅读取 0.2KB 数据: http://221.226.51.220:50081/newlive/live/hls/38/live.m3u8
[2026-07-19 20:40:23] ✅ 测速成功: http://221.226.51.220:50081/newlive/live/hls/38/live.m3u8
   速度: 196.29KB/s > 140KB/s | 数据量: 0.2KB | 总耗时: 0.43s
[2026-07-19 20:40:24] ⚠️ 仅读取 2.0KB 数据: http://119.39.9.8:9901/tsfile/live/0118_1.m3u8
[2026-07-19 20:40:24] ✅ 测速成功: http://119.39.9.8:9901/tsfile/live/0118_1.m3u8
   速度: 2021.48KB/s > 140KB/s | 数据量: 2.0KB | 总耗时: 0.40s
[2026-07-19 20:40:24] ⚠️ 仅读取 0.3KB 数据: http://218.84.12.186:8001/hls/main/playlist.m3u8?zxinjd;http://218.84.12.186:8001/hls/main/playlist.m3u8zxinjd
[2026-07-19 20:40:24] ✅ 测速成功: http://218.84.12.186:8001/hls/main/playlist.m3u8?zxinjd;http://218.84.12.186:8001/hls/main/playlist.m3u8zxinjd
   速度: 326.17KB/s > 140KB/s | 数据量: 0.3KB | 总耗时: 0.57s
[2026-07-19 20:40:26] ⚠️ 仅读取 0.5KB 数据: https://srs.iyb983.cn/video/CYS/index.m3u8
[2026-07-19 20:40:26] ✅ 测速成功: https://srs.iyb983.cn/video/CYS/index.m3u8
   速度: 507.81KB/s > 140KB/s | 数据量: 0.5KB | 总耗时: 2.07s
[2026-07-19 20:40:28] ⚠️ 仅读取 0.3KB 数据: http://l.cztvcloud.com/channels/lantian/SXxinchang2/720p.m3u8
[2026-07-19 20:40:28] ✅ 测速成功: http://l.cztvcloud.com/channels/lantian/SXxinchang2/720p.m3u8
   速度: 284.18KB/s > 140KB/s | 数据量: 0.3KB | 总耗时: 1.78s
[2026-07-19 20:40:29] ⚠️ 仅读取 0.3KB 数据: http://ali-xwl.cztv.com/live/channel011080Plxw.m3u8
[2026-07-19 20:40:29] ✅ 测速成功: http://ali-xwl.cztv.com/live/channel011080Plxw.m3u8
   速度: 344.73KB/s > 140KB/s | 数据量: 0.3KB | 总耗时: 0.27s
[2026-07-19 20:40:29] ⚠️ 仅读取 0.3KB 数据: http://ali-vl.cztv.com/channels/lantian/channel001/360p.m3u8
[2026-07-19 20:40:29] ✅ 测速成功: http://ali-vl.cztv.com/channels/lantian/channel001/360p.m3u8
   速度: 286.13KB/s > 140KB/s | 数据量: 0.3KB | 总耗时: 0.75s
[2026-07-19 20:40:30] ⚠️ 仅读取 0.3KB 数据: https://ali-m-l.cztv.com/channels/lantian/channel001/1080p.m3u8
[2026-07-19 20:40:30] ✅ 测速成功: https://ali-m-l.cztv.com/channels/lantian/channel001/1080p.m3u8
   速度: 291.99KB/s > 140KB/s | 数据量: 0.3KB | 总耗时: 0.68s
[2026-07-19 20:40:31] ⚠️ 仅读取 0.3KB 数据: https://liveout.xntv.tv/a65jur/96iln2.m3u8
[2026-07-19 20:40:31] ✅ 测速成功: https://liveout.xntv.tv/a65jur/96iln2.m3u8
   速度: 265.62KB/s > 140KB/s | 数据量: 0.3KB | 总耗时: 1.13s
[2026-07-19 20:40:32] ⚠️ 仅读取 0.1KB 数据: http://222.128.55.152:9080/live/dwq.m3u8
[2026-07-19 20:40:32] ⚠️ 速度不足: http://222.128.55.152:9080/live/dwq.m3u8
   速度: 0.42KB/s <= 140KB/s | 数据量: 0.1KB | 总耗时: 0.63s
[2026-07-19 20:40:32] ⚠️ 仅读取 0.6KB 数据: https://5ddce30eb4b55.streamlock.net/bltvhd/bltv1/chunklist_w511254805.m3u8
[2026-07-19 20:40:32] ✅ 测速成功: https://5ddce30eb4b55.streamlock.net/bltvhd/bltv1/chunklist_w511254805.m3u8
   速度: 574.22KB/s > 140KB/s | 数据量: 0.6KB | 总耗时: 0.67s
[2026-07-19 20:40:33] ⚠️ 仅读取 0.6KB 数据: http://61.216.67.119:1935/bltvhd/bltv1/chunklist_w1266569526.m3u
[2026-07-19 20:40:33] ⚠️ 速度不足: http://61.216.67.119:1935/bltvhd/bltv1/chunklist_w1266569526.m3u
   速度: 4.18KB/s <= 140KB/s | 数据量: 0.6KB | 总耗时: 0.42s
[2026-07-19 20:40:34] ⚠️ 仅读取 0.8KB 数据: https://bp-resource-dfl.bestv.cn/148/3/video.m3u8
[2026-07-19 20:40:34] ✅ 测速成功: https://bp-resource-dfl.bestv.cn/148/3/video.m3u8
   速度: 832.03KB/s > 140KB/s | 数据量: 0.8KB | 总耗时: 1.02s
[2026-07-19 20:40:34] ⚠️ 仅读取 0.2KB 数据: http://61.162.52.6:8088/newlive/live/hls/60/live.m3u8
[2026-07-19 20:40:34] ✅ 测速成功: http://61.162.52.6:8088/newlive/live/hls/60/live.m3u8
   速度: 232.42KB/s > 140KB/s | 数据量: 0.2KB | 总耗时: 0.43s
[2026-07-19 20:40:35] ⚠️ 仅读取 0.4KB 数据: http://183.237.95.108:9901/tsfile/live/1008_1.m3u8?key=txiptv&playlive=0&authid=0
[2026-07-19 20:40:35] ✅ 测速成功: http://183.237.95.108:9901/tsfile/live/1008_1.m3u8?key=txiptv&playlive=0&authid=0
   速度: 433.59KB/s > 140KB/s | 数据量: 0.4KB | 总耗时: 0.44s
[2026-07-19 20:40:37] ⚠️ 仅读取 0.4KB 数据: https://vip.ffzy-play.com/20221018/1953_2d6ba500/index.m3u8
[2026-07-19 20:40:37] ✅ 测速成功: https://vip.ffzy-play.com/20221018/1953_2d6ba500/index.m3u8
   速度: 397.46KB/s > 140KB/s | 数据量: 0.4KB | 总耗时: 2.31s
[2026-07-19 20:40:40] ⚠️ 仅读取 0.4KB 数据: https://vip.ffzy-play7.com/20230112/11082_fde1a94d/index.m3u8
[2026-07-19 20:40:40] ✅ 测速成功: https://vip.ffzy-play7.com/20230112/11082_fde1a94d/index.m3u8
   速度: 397.46KB/s > 140KB/s | 数据量: 0.4KB | 总耗时: 2.52s
[2026-07-19 20:40:44] ⚠️ 仅读取 61.4KB 数据: http://jsmov2.a.yximgs.com/bs3/video-hls/5250634317044855747_hlsb.m3u8
[2026-07-19 20:40:44] ✅ 测速成功: http://jsmov2.a.yximgs.com/bs3/video-hls/5250634317044855747_hlsb.m3u8
   速度: 306.21KB/s > 140KB/s | 数据量: 61.4KB | 总耗时: 4.18s
[2026-07-19 20:40:46] ✅ 测速成功: http://www.goodiptv.club/douyu/747764
   速度: 426.02KB/s > 140KB/s | 数据量: 104.0KB | 总耗时: 2.27s
[2026-07-19 20:40:48] ⚠️ 仅读取 0.2KB 数据: http://hls.nntv.cn/nnlive/YSYL_244.m3u8
[2026-07-19 20:40:48] ✅ 测速成功: http://hls.nntv.cn/nnlive/YSYL_244.m3u8
   速度: 232.42KB/s > 140KB/s | 数据量: 0.2KB | 总耗时: 2.18s
[2026-07-19 20:40:50] ⚠️ 仅读取 0.4KB 数据: https://vip.ffzy-play6.com/20221019/157_bf0740ee/index.m3u8
[2026-07-19 20:40:50] ✅ 测速成功: https://vip.ffzy-play6.com/20221019/157_bf0740ee/index.m3u8
   速度: 397.46KB/s > 140KB/s | 数据量: 0.4KB | 总耗时: 1.85s
[2026-07-19 20:40:52] ⚠️ 仅读取 0.4KB 数据: https://vip.ffzy-play1.com/20221018/478_c3afed66/index.m3u8
[2026-07-19 20:40:52] ✅ 测速成功: https://vip.ffzy-play1.com/20221018/478_c3afed66/index.m3u8
   速度: 397.46KB/s > 140KB/s | 数据量: 0.4KB | 总耗时: 1.84s
[2026-07-19 20:40:54] ⚠️ 仅读取 0.4KB 数据: https://vip.ffzy-online.com/20221015/719_80ff87c2/index.m3u8
[2026-07-19 20:40:54] ✅ 测速成功: https://vip.ffzy-online.com/20221015/719_80ff87c2/index.m3u8
   速度: 397.46KB/s > 140KB/s | 数据量: 0.4KB | 总耗时: 1.82s
[2026-07-19 20:40:55] ✅ 测速成功: http://live.metshop.top/huya/880261?cdn=alicdn
   速度: 5639.40KB/s > 140KB/s | 数据量: 104.0KB | 总耗时: 1.72s
[2026-07-19 20:40:58] ✅ 测速成功: http://zjrtv.vip/live/?tbs=mydy
   速度: 217.96KB/s > 140KB/s | 数据量: 104.0KB | 总耗时: 2.12s
[2026-07-19 20:40:59] ⚠️ 仅读取 0.3KB 数据: https://tencentplay.gztv.com/live/nanguodushi.m3u8?txSecret=550af55c0ea34ce492748481415b6dfa&txTime=1903e7b17de
[2026-07-19 20:40:59] ✅ 测速成功: https://tencentplay.gztv.com/live/nanguodushi.m3u8?txSecret=550af55c0ea34ce492748481415b6dfa&txTime=1903e7b17de
   速度: 300.78KB/s > 140KB/s | 数据量: 0.3KB | 总耗时: 1.57s
[2026-07-19 20:41:00] ✅ 测速成功: https://live.metshop.top/huya/11601966
   速度: 6008.37KB/s > 140KB/s | 数据量: 104.0KB | 总耗时: 0.41s
[2026-07-19 20:41:01] ⚠️ 仅读取 0.8KB 数据: https://ls.qingting.fm/live/4972/64k.m3u8
[2026-07-19 20:41:01] ✅ 测速成功: https://ls.qingting.fm/live/4972/64k.m3u8
   速度: 770.51KB/s > 140KB/s | 数据量: 0.8KB | 总耗时: 1.88s
[2026-07-19 20:41:03] ⚠️ 仅读取 0.2KB 数据: https://test1.live.sdetv.com.cn/live/dianshizhibo/playlist.m3u8
[2026-07-19 20:41:03] ✅ 测速成功: https://test1.live.sdetv.com.cn/live/dianshizhibo/playlist.m3u8
   速度: 207.03KB/s > 140KB/s | 数据量: 0.2KB | 总耗时: 2.00s
[2026-07-19 20:41:06] ⚠️ 仅读取 0.5KB 数据: http://live.qthnews.org.cn:1935/live/live1/800k/tzwj_video.m3u8
[2026-07-19 20:41:06] ⚠️ 速度不足: http://live.qthnews.org.cn:1935/live/live1/800k/tzwj_video.m3u8
   速度: 2.18KB/s <= 140KB/s | 数据量: 0.5KB | 总耗时: 2.19s
[2026-07-19 20:41:06] ⚠️ 仅读取 0.2KB 数据: http://60.222.246.220:19433/hls1.m3u8
[2026-07-19 20:41:06] ⚠️ 速度不足: http://60.222.246.220:19433/hls1.m3u8
   速度: 0.89KB/s <= 140KB/s | 数据量: 0.2KB | 总耗时: 0.68s
[2026-07-19 20:41:07] ⚠️ 仅读取 0.8KB 数据: http://ls.qingting.fm/live/4885.m3u8
[2026-07-19 20:41:07] ✅ 测速成功: http://ls.qingting.fm/live/4885.m3u8
   速度: 801.76KB/s > 140KB/s | 数据量: 0.8KB | 总耗时: 0.54s
[2026-07-19 20:41:08] ⚠️ 仅读取 0.3KB 数据: https://satellitepull.cnr.cn/live/wx32dycjgb/playlist.m3u8
[2026-07-19 20:41:08] ✅ 测速成功: https://satellitepull.cnr.cn/live/wx32dycjgb/playlist.m3u8
   速度: 314.45KB/s > 140KB/s | 数据量: 0.3KB | 总耗时: 1.16s
[2026-07-19 20:41:10] ⚠️ 仅读取 0.1KB 数据: http://stream3.jlntv.cn:80/aac_dfgb/playlist.m3u8
[2026-07-19 20:41:10] ⚠️ 速度不足: http://stream3.jlntv.cn:80/aac_dfgb/playlist.m3u8
   速度: 90.82KB/s <= 140KB/s | 数据量: 0.1KB | 总耗时: 1.73s
[2026-07-19 20:41:12] ⚠️ 仅读取 0.4KB 数据: https://stream.sun0769.com/dgrtv1/mp4tv1_800/index.m3u8
[2026-07-19 20:41:12] ✅ 测速成功: https://stream.sun0769.com/dgrtv1/mp4tv1_800/index.m3u8
   速度: 369.14KB/s > 140KB/s | 数据量: 0.4KB | 总耗时: 2.73s
[2026-07-19 20:41:13] ⚠️ 仅读取 0.3KB 数据: http://175.155.106.72:89/live1/live1.m3u8
[2026-07-19 20:41:13] ✅ 测速成功: http://175.155.106.72:89/live1/live1.m3u8
   速度: 260.74KB/s > 140KB/s | 数据量: 0.3KB | 总耗时: 0.44s
[2026-07-19 20:41:14] ⚠️ 仅读取 0.4KB 数据: http://stream10.jlntv.cn/jiutaitv/sd/live.m3u8
[2026-07-19 20:41:14] ✅ 测速成功: http://stream10.jlntv.cn/jiutaitv/sd/live.m3u8
   速度: 375.00KB/s > 140KB/s | 数据量: 0.4KB | 总耗时: 0.84s
[2026-07-19 20:41:16] ⚠️ 仅读取 0.3KB 数据: https://hwapi.yntv.net/62hdvf/q9vs1b.m3u8
[2026-07-19 20:41:16] ✅ 测速成功: https://hwapi.yntv.net/62hdvf/q9vs1b.m3u8
   速度: 266.60KB/s > 140KB/s | 数据量: 0.3KB | 总耗时: 2.51s
[2026-07-19 20:41:17] ⚠️ 仅读取 0.2KB 数据: https://live.zzyxxw.com:2443/live/xwzh.m3u8
[2026-07-19 20:41:17] ✅ 测速成功: https://live.zzyxxw.com:2443/live/xwzh.m3u8
   速度: 239.26KB/s > 140KB/s | 数据量: 0.2KB | 总耗时: 0.94s
[2026-07-19 20:41:18] ⚠️ 仅读取 0.2KB 数据: http://live.zzyxxw.com:85/live/xwzh.m3u8
[2026-07-19 20:41:18] ⚠️ 速度不足: http://live.zzyxxw.com:85/live/xwzh.m3u8
   速度: 1.13KB/s <= 140KB/s | 数据量: 0.2KB | 总耗时: 0.65s
[2026-07-19 20:41:20] ⚠️ 仅读取 0.3KB 数据: http://tvfile.jyrmt.cn/nmip-media/channellive/channel104452/playlist.m3u8
[2026-07-19 20:41:20] ✅ 测速成功: http://tvfile.jyrmt.cn/nmip-media/channellive/channel104452/playlist.m3u8
   速度: 265.62KB/s > 140KB/s | 数据量: 0.3KB | 总耗时: 2.45s
[2026-07-19 20:41:22] ⚠️ 仅读取 0.2KB 数据: http://zbbf2.ahbztv.com/live/418.m3u8
[2026-07-19 20:41:22] ✅ 测速成功: http://zbbf2.ahbztv.com/live/418.m3u8
   速度: 240.23KB/s > 140KB/s | 数据量: 0.2KB | 总耗时: 1.58s
[2026-07-19 20:41:24] ⚠️ 仅读取 0.8KB 数据: https://play.scrstv.com.cn/DT/live.m3u8?auth_key=60001724663204-0-0-c1cc4ded9841ac34f63cdbd3aec647ef
[2026-07-19 20:41:24] ✅ 测速成功: https://play.scrstv.com.cn/DT/live.m3u8?auth_key=60001724663204-0-0-c1cc4ded9841ac34f63cdbd3aec647ef
   速度: 759.77KB/s > 140KB/s | 数据量: 0.8KB | 总耗时: 1.80s
[2026-07-19 20:41:25] ⚠️ 仅读取 0.5KB 数据: https://jwcdnqx.hebyun.com.cn/live/rqtv1/1500k/tzwj_video.m3u8
[2026-07-19 20:41:25] ✅ 测速成功: https://jwcdnqx.hebyun.com.cn/live/rqtv1/1500k/tzwj_video.m3u8
   速度: 500.98KB/s > 140KB/s | 数据量: 0.5KB | 总耗时: 1.53s
[2026-07-19 20:41:26] ⚠️ 仅读取 0.1KB 数据: http://110.153.180.106:55555/out_3/index.m3u8
[2026-07-19 20:41:26] ⚠️ 速度不足: http://110.153.180.106:55555/out_3/index.m3u8
   速度: 79.10KB/s <= 140KB/s | 数据量: 0.1KB | 总耗时: 0.51s
[2026-07-19 20:41:27] ⚠️ 仅读取 0.3KB 数据: https://l.cztvcloud.com/channels/lantian/SXyuyao3/720p.m3u8
[2026-07-19 20:41:27] ✅ 测速成功: https://l.cztvcloud.com/channels/lantian/SXyuyao3/720p.m3u8
   速度: 292.97KB/s > 140KB/s | 数据量: 0.3KB | 总耗时: 0.83s
[2026-07-19 20:41:29] ⚠️ 仅读取 0.3KB 数据: http://liveout.btzx.com.cn/62ds9e/4nxdih.m3u8?fbl=
[2026-07-19 20:41:29] ✅ 测速成功: http://liveout.btzx.com.cn/62ds9e/4nxdih.m3u8?fbl=
   速度: 264.65KB/s > 140KB/s | 数据量: 0.3KB | 总耗时: 2.90s
[2026-07-19 20:41:31] ⚠️ 仅读取 0.3KB 数据: https://m3u8.channel.dzsm.com/nmip-media/channellive/channel105549/playlist.m3u8
[2026-07-19 20:41:31] ✅ 测速成功: https://m3u8.channel.dzsm.com/nmip-media/channellive/channel105549/playlist.m3u8
   速度: 271.48KB/s > 140KB/s | 数据量: 0.3KB | 总耗时: 1.67s
[2026-07-19 20:41:32] ⚠️ 仅读取 0.6KB 数据: http://nklive.nbs.cn/hls/75b3c462-b831-4de7-a34b-5d3221db2069/index.m3u8
[2026-07-19 20:41:32] ✅ 测速成功: http://nklive.nbs.cn/hls/75b3c462-b831-4de7-a34b-5d3221db2069/index.m3u8
   速度: 559.57KB/s > 140KB/s | 数据量: 0.6KB | 总耗时: 1.05s
[2026-07-19 20:41:33] ⚠️ 仅读取 0.3KB 数据: http://tencentplay.gztv.com/live/nanguodushi.m3u8?txSecret=140110ae3d6c936a77f94c4f4d85b0d3&txTime=18d57929bd4
[2026-07-19 20:41:33] ✅ 测速成功: http://tencentplay.gztv.com/live/nanguodushi.m3u8?txSecret=140110ae3d6c936a77f94c4f4d85b0d3&txTime=18d57929bd4
   速度: 300.78KB/s > 140KB/s | 数据量: 0.3KB | 总耗时: 0.75s
[2026-07-19 20:41:34] ⚠️ 仅读取 0.3KB 数据: http://615bbf179ba53515dccad7b1da5d1ad9.livehwc3.cn/hls.nntv.cn/nnlive/WLSH_24.m3u8?sub_m3u8=true&edge_slice=true&user_session_id=2598844eaee8a4265e706fc14b3fc11d
[2026-07-19 20:41:34] ✅ 测速成功: http://615bbf179ba53515dccad7b1da5d1ad9.livehwc3.cn/hls.nntv.cn/nnlive/WLSH_24.m3u8?sub_m3u8=true&edge_slice=true&user_session_id=2598844eaee8a4265e706fc14b3fc11d
   速度: 268.55KB/s > 140KB/s | 数据量: 0.3KB | 总耗时: 0.86s
[2026-07-19 20:41:35] ⚠️ 仅读取 0.2KB 数据: https://l2fpdktp.live.sxmty.com/live/hls/e4c3b363cc4549788e2d983f403e07db/d99ce1eb686e41b9afc888110bd95aa7.m3u8?zshanxd
[2026-07-19 20:41:35] ✅ 测速成功: https://l2fpdktp.live.sxmty.com/live/hls/e4c3b363cc4549788e2d983f403e07db/d99ce1eb686e41b9afc888110bd95aa7.m3u8?zshanxd
   速度: 160.16KB/s > 140KB/s | 数据量: 0.2KB | 总耗时: 1.59s
[2026-07-19 20:41:36] ⚠️ 仅读取 0.2KB 数据: http://jrlive.jrntv.com/live/_definst_/dangjians/playlist.m3u8?%E5%85%B3%E6%B3%A8%E5%BE%AE%E4%BF%A1%E5%85%AC%E4%BC%97%E5%8F%B7[%E6%99%B4%E5%9B%AD]
[2026-07-19 20:41:36] ⚠️ 速度不足: http://jrlive.jrntv.com/live/_definst_/dangjians/playlist.m3u8?%E5%85%B3%E6%B3%A8%E5%BE%AE%E4%BF%A1%E5%85%AC%E4%BC%97%E5%8F%B7[%E6%99%B4%E5%9B%AD]
   速度: 14.07KB/s <= 140KB/s | 数据量: 0.2KB | 总耗时: 1.00s
[2026-07-19 20:41:37] ⚠️ 仅读取 0.3KB 数据: http://file.loulannews.cn/nmip-media/channellive/channel103824/playlist.m3u8
[2026-07-19 20:41:37] ✅ 测速成功: http://file.loulannews.cn/nmip-media/channellive/channel103824/playlist.m3u8
   速度: 271.48KB/s > 140KB/s | 数据量: 0.3KB | 总耗时: 1.12s
[2026-07-19 20:41:39] ⚠️ 仅读取 0.3KB 数据: https://m3u8channel-bx.yunxya.com/nmip-media/channellive/channel104666/playlist.m3u8
[2026-07-19 20:41:39] ✅ 测速成功: https://m3u8channel-bx.yunxya.com/nmip-media/channellive/channel104666/playlist.m3u8
   速度: 271.48KB/s > 140KB/s | 数据量: 0.3KB | 总耗时: 1.48s
[2026-07-19 20:41:40] ⚠️ 仅读取 0.4KB 数据: https://stream.hrbtv.net/ylpd/sd/live.m3u8
[2026-07-19 20:41:40] ✅ 测速成功: https://stream.hrbtv.net/ylpd/sd/live.m3u8
   速度: 370.12KB/s > 140KB/s | 数据量: 0.4KB | 总耗时: 1.03s
[2026-07-19 20:41:40] ⚠️ 仅读取 0.4KB 数据: http://stream.hrbtv.net/xwzh/sd/live.m3u8?zheild
[2026-07-19 20:41:40] ✅ 测速成功: http://stream.hrbtv.net/xwzh/sd/live.m3u8?zheild
   速度: 355.47KB/s > 140KB/s | 数据量: 0.4KB | 总耗时: 0.51s
[2026-07-19 20:41:42] ⚠️ 仅读取 0.2KB 数据: http://play.kankanlive.com/live/1720583434627241.m3u8
[2026-07-19 20:41:42] ✅ 测速成功: http://play.kankanlive.com/live/1720583434627241.m3u8
   速度: 249.02KB/s > 140KB/s | 数据量: 0.2KB | 总耗时: 1.54s
[2026-07-19 20:41:43] ⚠️ 仅读取 0.2KB 数据: http://182.150.115.21:8030/pcgacg/pcgacg_0.m3u8
[2026-07-19 20:41:43] ⚠️ 速度不足: http://182.150.115.21:8030/pcgacg/pcgacg_0.m3u8
   速度: 0.85KB/s <= 140KB/s | 数据量: 0.2KB | 总耗时: 0.66s
[2026-07-19 20:41:43] ⚠️ 仅读取 0.2KB 数据: http://www.guzhenm.com:7001/hls/hd-live.m3u8
[2026-07-19 20:41:43] ✅ 测速成功: http://www.guzhenm.com:7001/hls/hd-live.m3u8
   速度: 181.64KB/s > 140KB/s | 数据量: 0.2KB | 总耗时: 0.78s
[2026-07-19 20:41:47] ⚠️ 仅读取 0.1KB 数据: http://live.daningtv.com/aac_dngb/playlist.m3u8
[2026-07-19 20:41:47] ⚠️ 速度不足: http://live.daningtv.com/aac_dngb/playlist.m3u8
   速度: 67.38KB/s <= 140KB/s | 数据量: 0.1KB | 总耗时: 3.63s
[2026-07-19 20:41:48] ⚠️ 仅读取 0.7KB 数据: https://p2.vzan.com/slowlive/596867413819827251/live.m3u8?zbid=1725814272&amp;amp;tpid=1516989100&amp;amp;type=0
[2026-07-19 20:41:48] ✅ 测速成功: https://p2.vzan.com/slowlive/596867413819827251/live.m3u8?zbid=1725814272&amp;amp;tpid=1516989100&amp;amp;type=0
   速度: 685.55KB/s > 140KB/s | 数据量: 0.7KB | 总耗时: 0.94s
[2026-07-19 20:41:52] ❌ 测速失败: http://tvfile.jjrm.org.cn/nmip-media/channellive/channel106282/playlist.m3u8?zsicd
   错误: HTTPConnectionPool(host='tvfile.jjrm.org.cn', port=80): Max retries exceeded with url: /nmip-media/channellive/channel106282/playlist.m3u8?zsicd (Caused by ConnectTimeoutError(<HTTPConnection(host='tvfile.jjrm.org.cn', port=80) at 0x7f9d18653460>, 'Connection to tvfile.jjrm.org.cn timed out. (connect timeout=3.05)')) | 域名: tvfile.jjrm.org.cn:80
[2026-07-19 20:41:52] ⚠️ 仅读取 0.3KB 数据: http://218.84.12.186:8002/hls/main/playlist.m3u8?zxinjd
[2026-07-19 20:41:52] ✅ 测速成功: http://218.84.12.186:8002/hls/main/playlist.m3u8?zxinjd
   速度: 326.17KB/s > 140KB/s | 数据量: 0.3KB | 总耗时: 0.52s
[2026-07-19 20:41:53] ⚠️ 仅读取 0.1KB 数据: http://dspdhls.appcoo.com:8888/live/dspd/index.m3u8
[2026-07-19 20:41:53] ✅ 测速成功: http://dspdhls.appcoo.com:8888/live/dspd/index.m3u8
   速度: 149.41KB/s > 140KB/s | 数据量: 0.1KB | 总耗时: 0.47s
[2026-07-19 20:41:55] ⚠️ 仅读取 0.4KB 数据: http://lbyzztfe.live.sxmty.com/live/hls/645ff4c60e0a49f0a203abbd73dd8be9/0720e665f10f48e98c9639f4f492fb4a-1.m3u8?zshanxd
[2026-07-19 20:41:55] ✅ 测速成功: http://lbyzztfe.live.sxmty.com/live/hls/645ff4c60e0a49f0a203abbd73dd8be9/0720e665f10f48e98c9639f4f492fb4a-1.m3u8?zshanxd
   速度: 437.50KB/s > 140KB/s | 数据量: 0.4KB | 总耗时: 1.91s
[2026-07-19 20:41:56] ⚠️ 仅读取 0.4KB 数据: https://tntgjhjb.live.sxmty.com/live/hls/3a4585ac11ec4e1bb07b419101b370c3/baf63e2b313440c2a25d7859f9b73b05-1.m3u8?zshanxd
[2026-07-19 20:41:56] ✅ 测速成功: https://tntgjhjb.live.sxmty.com/live/hls/3a4585ac11ec4e1bb07b419101b370c3/baf63e2b313440c2a25d7859f9b73b05-1.m3u8?zshanxd
   速度: 433.59KB/s > 140KB/s | 数据量: 0.4KB | 总耗时: 1.47s
[2026-07-19 20:41:57] ⚠️ 仅读取 0.3KB 数据: http://live1.gatv.com.cn:85/live/GGPD_ggpdzm.m3u8
[2026-07-19 20:41:57] ⚠️ 速度不足: http://live1.gatv.com.cn:85/live/GGPD_ggpdzm.m3u8
   速度: 1.14KB/s <= 140KB/s | 数据量: 0.3KB | 总耗时: 0.97s
[2026-07-19 20:42:00] ⚠️ 仅读取 0.3KB 数据: https://live.gdtv.ah.cn/live/newsTV.m3u8
[2026-07-19 20:42:00] ✅ 测速成功: https://live.gdtv.ah.cn/live/newsTV.m3u8
   速度: 333.98KB/s > 140KB/s | 数据量: 0.3KB | 总耗时: 2.92s
[2026-07-19 20:42:01] ⚠️ 仅读取 0.1KB 数据: http://stream5.jlntv.cn/wq/playlist.m3u8
[2026-07-19 20:42:01] ⚠️ 速度不足: http://stream5.jlntv.cn/wq/playlist.m3u8
   速度: 91.80KB/s <= 140KB/s | 数据量: 0.1KB | 总耗时: 0.84s
[2026-07-19 20:42:02] ⚠️ 仅读取 0.2KB 数据: https://play.kankanlive.com/live/1720583434627241.m3u8
[2026-07-19 20:42:02] ✅ 测速成功: https://play.kankanlive.com/live/1720583434627241.m3u8
   速度: 250.00KB/s > 140KB/s | 数据量: 0.2KB | 总耗时: 0.75s
[2026-07-19 20:42:03] ⚠️ 仅读取 0.4KB 数据: http://stream11.jlntv.cn/dehuitv/sd/live.m3u8
[2026-07-19 20:42:03] ✅ 测速成功: http://stream11.jlntv.cn/dehuitv/sd/live.m3u8
   速度: 370.12KB/s > 140KB/s | 数据量: 0.4KB | 总耗时: 0.93s
[2026-07-19 20:42:04] ⚠️ 仅读取 0.6KB 数据: https://1yp7hc5p.live.sxmty.com/live/hls/bff8529922344209985b6e49baa9555a/efa2543628fc4a7ea93d3d6c975f77dc-1.m3u8
[2026-07-19 20:42:04] ✅ 测速成功: https://1yp7hc5p.live.sxmty.com/live/hls/bff8529922344209985b6e49baa9555a/efa2543628fc4a7ea93d3d6c975f77dc-1.m3u8
   速度: 552.73KB/s > 140KB/s | 数据量: 0.6KB | 总耗时: 1.27s
[2026-07-19 20:42:05] ⚠️ 仅读取 0.1KB 数据: http://stream8.jlntv.cn/dhtv/playlist.m3u8
[2026-07-19 20:42:05] ⚠️ 速度不足: http://stream8.jlntv.cn/dhtv/playlist.m3u8
   速度: 91.80KB/s <= 140KB/s | 数据量: 0.1KB | 总耗时: 0.71s
[2026-07-19 20:42:05] ⚠️ 仅读取 0.4KB 数据: http://live.xysrmt.cn/xwzh/sd/live.m3u8?zjiangsd"
[2026-07-19 20:42:05] ✅ 测速成功: http://live.xysrmt.cn/xwzh/sd/live.m3u8?zjiangsd"
   速度: 368.16KB/s > 140KB/s | 数据量: 0.4KB | 总耗时: 0.86s
[2026-07-19 20:42:06] ⚠️ 仅读取 2.0KB 数据: http://tvpull.dxhmt.cn:9081/tv/11329-1.m3u8
[2026-07-19 20:42:06] ✅ 测速成功: http://tvpull.dxhmt.cn:9081/tv/11329-1.m3u8
   速度: 1960.94KB/s > 140KB/s | 数据量: 2.0KB | 总耗时: 0.64s
[2026-07-19 20:42:08] ⚠️ 仅读取 0.3KB 数据: https://m3u8channel.yunxya.com/nmip-media/channellive/channel100028/playlist.m3u8
[2026-07-19 20:42:08] ✅ 测速成功: https://m3u8channel.yunxya.com/nmip-media/channellive/channel100028/playlist.m3u8
   速度: 271.48KB/s > 140KB/s | 数据量: 0.3KB | 总耗时: 1.59s
[2026-07-19 20:42:09] ⚠️ 仅读取 7.6KB 数据: https://stream.thmz.com/wxtv2/playlist.m3u8
[2026-07-19 20:42:09] ✅ 测速成功: https://stream.thmz.com/wxtv2/playlist.m3u8
   速度: 7550.78KB/s > 140KB/s | 数据量: 7.6KB | 总耗时: 1.69s
[2026-07-19 20:42:10] ⚠️ 仅读取 7.6KB 数据: http://stream.thmz.com/wxtv2/sd/live.m3u8
[2026-07-19 20:42:10] ✅ 测速成功: http://stream.thmz.com/wxtv2/sd/live.m3u8
   速度: 7550.78KB/s > 140KB/s | 数据量: 7.6KB | 总耗时: 0.70s
[2026-07-19 20:42:11] ⚠️ 仅读取 0.2KB 数据: http://live.spccmc.com:90/live/spxwzh.m3u8?%E5%85%B3%E6%B3%A8%E5%BE%AE%E4%BF%A1%E5%85%AC%E4%BC%97%E5%8F%B7[%E6%99%B4%E5%9B%AD]
[2026-07-19 20:42:11] ⚠️ 速度不足: http://live.spccmc.com:90/live/spxwzh.m3u8?%E5%85%B3%E6%B3%A8%E5%BE%AE%E4%BF%A1%E5%85%AC%E4%BC%97%E5%8F%B7[%E6%99%B4%E5%9B%AD]
   速度: 1.09KB/s <= 140KB/s | 数据量: 0.2KB | 总耗时: 0.94s
[2026-07-19 20:42:12] ⚠️ 仅读取 0.1KB 数据: http://zb.gxlbamc.com:1935/live/lbzh.stream/playlist.m3u8
[2026-07-19 20:42:12] ⚠️ 速度不足: http://zb.gxlbamc.com:1935/live/lbzh.stream/playlist.m3u8
   速度: 0.63KB/s <= 140KB/s | 数据量: 0.1KB | 总耗时: 1.08s
[2026-07-19 20:42:13] ⚠️ 仅读取 0.1KB 数据: http://stream9.jlntv.cn:80/aac_huadiangb/playlist.m3u8
[2026-07-19 20:42:13] ⚠️ 速度不足: http://stream9.jlntv.cn:80/aac_huadiangb/playlist.m3u8
   速度: 89.84KB/s <= 140KB/s | 数据量: 0.1KB | 总耗时: 0.60s
[2026-07-19 20:42:14] ⚠️ 仅读取 0.3KB 数据: https://dxtx.hntv.tv/live/lypd.m3u8?txSecret=10c771842a0be59e8b575d765173ec96&txTime=7B923E0A&wsSecret=41543190cdf375f1c73207222bb96542&wsTime=1769313549
[2026-07-19 20:42:14] ✅ 测速成功: https://dxtx.hntv.tv/live/lypd.m3u8?txSecret=10c771842a0be59e8b575d765173ec96&txTime=7B923E0A&wsSecret=41543190cdf375f1c73207222bb96542&wsTime=1769313549
   速度: 280.27KB/s > 140KB/s | 数据量: 0.3KB | 总耗时: 1.27s
[2026-07-19 20:42:16] ⚠️ 仅读取 0.2KB 数据: http://uzoiczhh.live.sxmty.com/live/hls/0d41f1480c4042d49927858f01fde707/53130407737b417b9a6259b57246bae3.m3u8?zshanxd
[2026-07-19 20:42:16] ✅ 测速成功: http://uzoiczhh.live.sxmty.com/live/hls/0d41f1480c4042d49927858f01fde707/53130407737b417b9a6259b57246bae3.m3u8?zshanxd
   速度: 178.71KB/s > 140KB/s | 数据量: 0.2KB | 总耗时: 2.25s
[2026-07-19 20:42:17] ⚠️ 仅读取 0.3KB 数据: https://live.wjyanghu.com/live/CH1.m3u8
[2026-07-19 20:42:17] ✅ 测速成功: https://live.wjyanghu.com/live/CH1.m3u8
   速度: 268.55KB/s > 140KB/s | 数据量: 0.3KB | 总耗时: 1.37s
[2026-07-19 20:42:19] ⚠️ 仅读取 0.3KB 数据: http://live.wjyanghu.com/live/CH2.m3u8
[2026-07-19 20:42:19] ✅ 测速成功: http://live.wjyanghu.com/live/CH2.m3u8
   速度: 268.55KB/s > 140KB/s | 数据量: 0.3KB | 总耗时: 1.50s
[2026-07-19 20:42:20] ⚠️ 仅读取 0.2KB 数据: http://live.iwcmt.cn:90/live/zhxw.m3u8
[2026-07-19 20:42:20] ⚠️ 速度不足: http://live.iwcmt.cn:90/live/zhxw.m3u8
   速度: 1.24KB/s <= 140KB/s | 数据量: 0.2KB | 总耗时: 0.84s
[2026-07-19 20:42:21] ⚠️ 仅读取 0.3KB 数据: http://file.ysxtv.cn/cms/videos/nmip-media/channellive/channel4/playlist.m3u8?zsicd
[2026-07-19 20:42:21] ✅ 测速成功: http://file.ysxtv.cn/cms/videos/nmip-media/channellive/channel4/playlist.m3u8?zsicd
   速度: 265.62KB/s > 140KB/s | 数据量: 0.3KB | 总耗时: 0.89s
[2026-07-19 20:42:25] RTMP检测成功: rtmp://tv.mcrm.org.cn:1935/channellive/tv01
[2026-07-19 20:42:26] ⚠️ 仅读取 0.2KB 数据: https://qmmqvzoz.live.sxmty.com/live/hls/f24f8a390c084386a564074c9260100c/be3fdf07606145739ab2c4b80fe0136a.m3u8?zshanxd
[2026-07-19 20:42:26] ✅ 测速成功: https://qmmqvzoz.live.sxmty.com/live/hls/f24f8a390c084386a564074c9260100c/be3fdf07606145739ab2c4b80fe0136a.m3u8?zshanxd
   速度: 179.69KB/s > 140KB/s | 数据量: 0.2KB | 总耗时: 1.01s
[2026-07-19 20:42:28] ⚠️ 仅读取 0.3KB 数据: https://radio.pull.hebtv.com/live/hebnczx.m3u8
[2026-07-19 20:42:28] ✅ 测速成功: https://radio.pull.hebtv.com/live/hebnczx.m3u8
   速度: 339.84KB/s > 140KB/s | 数据量: 0.3KB | 总耗时: 1.97s
[2026-07-19 20:42:31] ❌ 测速失败: http://live1.habctv.com/ggpdsl/sd/live.m3u8?zjiangsd
   错误: HTTPConnectionPool(host='live1.habctv.com', port=80): Max retries exceeded with url: /ggpdsl/sd/live.m3u8?zjiangsd (Caused by ConnectTimeoutError(<HTTPConnection(host='live1.habctv.com', port=80) at 0x7f9d1865ef40>, 'Connection to live1.habctv.com timed out. (connect timeout=3.05)')) | 域名: live1.habctv.com:80
[2026-07-19 20:42:33] ⚠️ 仅读取 0.3KB 数据: https://m3u8channel.ganzitv.com/nmip-media/channellive/channel1/playlist.m3u8
[2026-07-19 20:42:33] ✅ 测速成功: https://m3u8channel.ganzitv.com/nmip-media/channellive/channel1/playlist.m3u8
   速度: 271.48KB/s > 140KB/s | 数据量: 0.3KB | 总耗时: 1.47s
[2026-07-19 20:42:36] ❌ 测速失败: http://lxfile.lxxcb.cn/nmip-media/channellive/channel103799/playlist.m3u8
   错误: HTTPConnectionPool(host='lxfile.lxxcb.cn', port=80): Max retries exceeded with url: /nmip-media/channellive/channel103799/playlist.m3u8 (Caused by NewConnectionError("HTTPConnection(host='lxfile.lxxcb.cn', port=80): Failed to establish a new connection: [Errno 101] Network is unreachable")) | 域名: lxfile.lxxcb.cn:80
[2026-07-19 20:42:38] ✅ 测速成功: http://devlivepull.migucloud.com/live/Q081CD54_C0.flv
   速度: 2156.99KB/s > 140KB/s | 数据量: 104.0KB | 总耗时: 1.17s
[2026-07-19 20:42:41] ⚠️ 仅读取 0.3KB 数据: http://play.jinnantv.top/live/JNTV1.m3u8?ztianjd
[2026-07-19 20:42:41] ✅ 测速成功: http://play.jinnantv.top/live/JNTV1.m3u8?ztianjd
   速度: 250.98KB/s > 140KB/s | 数据量: 0.3KB | 总耗时: 3.71s
[2026-07-19 20:42:43] ⚠️ 仅读取 0.7KB 数据: https://p2hs.vzan.com/slowlive/317913155078575177/live.m3u8
[2026-07-19 20:42:43] ✅ 测速成功: https://p2hs.vzan.com/slowlive/317913155078575177/live.m3u8
   速度: 687.50KB/s > 140KB/s | 数据量: 0.7KB | 总耗时: 1.37s
[2026-07-19 20:42:44] ⚠️ 仅读取 1.1KB 数据: http://hzcm-live.media.hugd.com/1e6b554b9ab74513958c0e1ffe664d22/9acaa7634309494cb29a85eb12136607.m3u8?auth_key=2272900830-9a2389b8bf4e49d580d4ad807423d326-0-ea78a5c7a678c436263582d368f5009e
[2026-07-19 20:42:44] ✅ 测速成功: http://hzcm-live.media.hugd.com/1e6b554b9ab74513958c0e1ffe664d22/9acaa7634309494cb29a85eb12136607.m3u8?auth_key=2272900830-9a2389b8bf4e49d580d4ad807423d326-0-ea78a5c7a678c436263582d368f5009e
   速度: 1119.14KB/s > 140KB/s | 数据量: 1.1KB | 总耗时: 1.24s
[2026-07-19 20:42:45] ⚠️ 仅读取 0.5KB 数据: http://jwplay.hebyun.com.cn/live/LPTV001/1500k/tzwj_video.m3u8
[2026-07-19 20:42:45] ✅ 测速成功: http://jwplay.hebyun.com.cn/live/LPTV001/1500k/tzwj_video.m3u8
   速度: 513.67KB/s > 140KB/s | 数据量: 0.5KB | 总耗时: 1.07s
[2026-07-19 20:42:51] ❌ 测速失败: http://live.yantaitv.cn/live/e50f104a4ffe4a41b2217cbda534146f/d86092e69df94668b33390278b061700-1.m3u8
   错误: HTTPConnectionPool(host='live.yantaitv.cn', port=80): Read timed out. (read timeout=5) | 域名: live.yantaitv.cn:80
[2026-07-19 20:42:51] ⚠️ 仅读取 0.2KB 数据: http://218.84.127.245:1026/hls/main1/playlist.m3u8?zxinjd,
[2026-07-19 20:42:51] ✅ 测速成功: http://218.84.127.245:1026/hls/main1/playlist.m3u8?zxinjd,
   速度: 233.40KB/s > 140KB/s | 数据量: 0.2KB | 总耗时: 0.55s
[2026-07-19 20:42:52] ⚠️ 仅读取 0.2KB 数据: http://222.179.42.129:8181/hls1.m3u8
[2026-07-19 20:42:52] ⚠️ 速度不足: http://222.179.42.129:8181/hls1.m3u8
   速度: 0.80KB/s <= 140KB/s | 数据量: 0.2KB | 总耗时: 0.65s
[2026-07-19 20:42:53] ⚠️ 仅读取 0.3KB 数据: https://live-auth.51kandianshi.com/szgd/csztv4k_hd.m3u8
[2026-07-19 20:42:53] ✅ 测速成功: https://live-auth.51kandianshi.com/szgd/csztv4k_hd.m3u8
   速度: 297.85KB/s > 140KB/s | 数据量: 0.3KB | 总耗时: 0.87s
[2026-07-19 20:42:56] ⚠️ 仅读取 0.9KB 数据: https://live.264788.xyz/channel/fujianxiangcungonggong?streamid=1cf7fc3a8f6d160c33b43c2f9507a0cc&livekey=01WgOR41rriMmMkzNsd0UoaxJRwetZdxIvtVk
[2026-07-19 20:42:56] ✅ 测速成功: https://live.264788.xyz/channel/fujianxiangcungonggong?streamid=1cf7fc3a8f6d160c33b43c2f9507a0cc&livekey=01WgOR41rriMmMkzNsd0UoaxJRwetZdxIvtVk
   速度: 917.97KB/s > 140KB/s | 数据量: 0.9KB | 总耗时: 2.77s
[2026-07-19 20:42:57] ⚠️ 仅读取 0.3KB 数据: http://satellitepull.cnr.cn/live/wx32fjxwgb/playlist.m3u8
[2026-07-19 20:42:57] ✅ 测速成功: http://satellitepull.cnr.cn/live/wx32fjxwgb/playlist.m3u8
   速度: 259.77KB/s > 140KB/s | 数据量: 0.3KB | 总耗时: 1.61s
[2026-07-19 20:42:58] ⚠️ 仅读取 0.7KB 数据: http://live.shaoxing.com.cn/video/s10001-sxtv2/index.m3u8
[2026-07-19 20:42:58] ✅ 测速成功: http://live.shaoxing.com.cn/video/s10001-sxtv2/index.m3u8
   速度: 681.64KB/s > 140KB/s | 数据量: 0.7KB | 总耗时: 0.73s
[2026-07-19 20:42:59] ⚠️ 仅读取 0.4KB 数据: http://stream.jmtv.com.cn/xwzh/sd/live.m3u8
[2026-07-19 20:42:59] ✅ 测速成功: http://stream.jmtv.com.cn/xwzh/sd/live.m3u8
   速度: 356.45KB/s > 140KB/s | 数据量: 0.4KB | 总耗时: 0.90s
[2026-07-19 20:43:00] ⚠️ 仅读取 0.1KB 数据: https://stream.jmtv.com.cn/xwzh/playlist.m3u8?_upt=3e28e7271664278691
[2026-07-19 20:43:00] ⚠️ 速度不足: https://stream.jmtv.com.cn/xwzh/playlist.m3u8?_upt=3e28e7271664278691
   速度: 68.36KB/s <= 140KB/s | 数据量: 0.1KB | 总耗时: 0.92s
[2026-07-19 20:43:05] ⚠️ 仅读取 0.3KB 数据: https://m3u8channel-yj.yunxya.com/nmip-media/channellive/channel101140/playlist.m3u8
[2026-07-19 20:43:05] ✅ 测速成功: https://m3u8channel-yj.yunxya.com/nmip-media/channellive/channel101140/playlist.m3u8
   速度: 271.48KB/s > 140KB/s | 数据量: 0.3KB | 总耗时: 5.46s
[2026-07-19 20:43:06] ⚠️ 仅读取 0.3KB 数据: https://file.ysxtv.cn/nmip-media/channellive/channel101492/playlist.m3u8
[2026-07-19 20:43:06] ✅ 测速成功: https://file.ysxtv.cn/nmip-media/channellive/channel101492/playlist.m3u8
   速度: 271.48KB/s > 140KB/s | 数据量: 0.3KB | 总耗时: 0.91s
[2026-07-19 20:43:07] ⚠️ 仅读取 0.4KB 数据: https://liveplay-srs.voc.com.cn/hls/tv/183_554704.m3u8
[2026-07-19 20:43:07] ✅ 测速成功: https://liveplay-srs.voc.com.cn/hls/tv/183_554704.m3u8
   速度: 354.49KB/s > 140KB/s | 数据量: 0.4KB | 总耗时: 1.19s
[2026-07-19 20:43:08] ⚠️ 仅读取 0.2KB 数据: http://112.46.105.20:8009/hls/28/index.m3u8
[2026-07-19 20:43:08] ✅ 测速成功: http://112.46.105.20:8009/hls/28/index.m3u8
   速度: 224.61KB/s > 140KB/s | 数据量: 0.2KB | 总耗时: 0.35s
[2026-07-19 20:43:09] ⚠️ 仅读取 1.0KB 数据: http://play-sh13.quklive.com/live/1702360350551252.m3u8?auth_key=2037107484-800189c57a5a44d3b823b60cf84f6756-0-a6f6828a62d5c167cff5e68735fa0d39
[2026-07-19 20:43:09] ✅ 测速成功: http://play-sh13.quklive.com/live/1702360350551252.m3u8?auth_key=2037107484-800189c57a5a44d3b823b60cf84f6756-0-a6f6828a62d5c167cff5e68735fa0d39
   速度: 1007.81KB/s > 140KB/s | 数据量: 1.0KB | 总耗时: 1.11s
[2026-07-19 20:43:10] ⚠️ 仅读取 0.5KB 数据: https://jwplay.hebyun.com.cn:443/live/xtsrmtzs/1500k/tzwj_video.m3u8
[2026-07-19 20:43:10] ✅ 测速成功: https://jwplay.hebyun.com.cn:443/live/xtsrmtzs/1500k/tzwj_video.m3u8
   速度: 526.37KB/s > 140KB/s | 数据量: 0.5KB | 总耗时: 0.71s
[2026-07-19 20:43:10] ⚠️ 仅读取 0.2KB 数据: http://live.jinchuanrmt.com:90/live/jcxc.m3u8?zsicd
[2026-07-19 20:43:10] ⚠️ 速度不足: http://live.jinchuanrmt.com:90/live/jcxc.m3u8?zsicd
   速度: 1.06KB/s <= 140KB/s | 数据量: 0.2KB | 总耗时: 0.77s
[2026-07-19 20:43:11] ⚠️ 仅读取 0.1KB 数据: http://183.64.174.171:40123/ch1.m3u8?zzhongqd
[2026-07-19 20:43:11] ⚠️ 速度不足: http://183.64.174.171:40123/ch1.m3u8?zzhongqd
   速度: 0.53KB/s <= 140KB/s | 数据量: 0.1KB | 总耗时: 0.71s
[2026-07-19 20:43:12] ⚠️ 仅读取 0.4KB 数据: http://zjtv-wshls.homecdn.com/live/2aa16.m3u8
[2026-07-19 20:43:12] ✅ 测速成功: http://zjtv-wshls.homecdn.com/live/2aa16.m3u8
   速度: 431.64KB/s > 140KB/s | 数据量: 0.4KB | 总耗时: 1.21s
[2026-07-19 20:43:14] ⚠️ 仅读取 0.4KB 数据: http://cm-wshls.homecdn.com/live/2aa50.m3u8
[2026-07-19 20:43:14] ✅ 测速成功: http://cm-wshls.homecdn.com/live/2aa50.m3u8
   速度: 418.95KB/s > 140KB/s | 数据量: 0.4KB | 总耗时: 1.30s
[2026-07-19 20:43:15] ⚠️ 仅读取 2.1KB 数据: https://www.wxhcgbds.com:8081/channelTv/WXTV_1.m3u8?zshanxd
[2026-07-19 20:43:15] ✅ 测速成功: https://www.wxhcgbds.com:8081/channelTv/WXTV_1.m3u8?zshanxd
   速度: 2119.14KB/s > 140KB/s | 数据量: 2.1KB | 总耗时: 1.20s
[2026-07-19 20:43:16] ⚠️ 仅读取 0.2KB 数据: http://hplayer1.juyun.tv:80/camera/11344136.m3u8
[2026-07-19 20:43:16] ✅ 测速成功: http://hplayer1.juyun.tv:80/camera/11344136.m3u8
   速度: 238.28KB/s > 140KB/s | 数据量: 0.2KB | 总耗时: 1.50s
[2026-07-19 20:43:18] ⚠️ 仅读取 0.4KB 数据: https://play.yunxya.com/channellive/xinwen.m3u8
[2026-07-19 20:43:18] ✅ 测速成功: https://play.yunxya.com/channellive/xinwen.m3u8
   速度: 363.28KB/s > 140KB/s | 数据量: 0.4KB | 总耗时: 2.10s
[2026-07-19 20:43:19] ⚠️ 仅读取 0.3KB 数据: http://qcfile.qcrmt.com/nmip-media/channellive/channel100933/playlist.m3u8
[2026-07-19 20:43:19] ✅ 测速成功: http://qcfile.qcrmt.com/nmip-media/channellive/channel100933/playlist.m3u8
   速度: 265.62KB/s > 140KB/s | 数据量: 0.3KB | 总耗时: 0.48s
[2026-07-19 20:43:20] ⚠️ 仅读取 0.4KB 数据: http://hslive.hsnewsnet.com/lsdream/iY92ady/1000/live.m3u8?zanhd
[2026-07-19 20:43:20] ✅ 测速成功: http://hslive.hsnewsnet.com/lsdream/iY92ady/1000/live.m3u8?zanhd
   速度: 358.40KB/s > 140KB/s | 数据量: 0.4KB | 总耗时: 1.04s
[2026-07-19 20:43:20] ⚠️ 仅读取 0.4KB 数据: https://english-livetx.cgtn.com/hls/yypdjlctzb_hd.m3u8
[2026-07-19 20:43:20] ✅ 测速成功: https://english-livetx.cgtn.com/hls/yypdjlctzb_hd.m3u8
   速度: 402.34KB/s > 140KB/s | 数据量: 0.4KB | 总耗时: 0.39s
[2026-07-19 20:43:21] ⚠️ 仅读取 7.6KB 数据: http://newcntv.qcloudcdn.com/asp/hls/4000/0303000a/3/default/2bdfdad540b342f592f9817cb7f3b79a/4000.m3u8
[2026-07-19 20:43:21] ✅ 测速成功: http://newcntv.qcloudcdn.com/asp/hls/4000/0303000a/3/default/2bdfdad540b342f592f9817cb7f3b79a/4000.m3u8
   速度: 7620.12KB/s > 140KB/s | 数据量: 7.6KB | 总耗时: 0.79s
[2026-07-19 20:43:24] ⚠️ 仅读取 0.3KB 数据: https://liveout.btzx.com.cn/62ds9e/6o77s4.m3u8?zxinjd
[2026-07-19 20:43:24] ✅ 测速成功: https://liveout.btzx.com.cn/62ds9e/6o77s4.m3u8?zxinjd
   速度: 264.65KB/s > 140KB/s | 数据量: 0.3KB | 总耗时: 3.09s
[2026-07-19 20:43:25] ⚠️ 仅读取 0.4KB 数据: http://222.179.155.21:1935/ch1.m3u8?zzhongqd
[2026-07-19 20:43:25] ✅ 测速成功: http://222.179.155.21:1935/ch1.m3u8?zzhongqd
   速度: 404.30KB/s > 140KB/s | 数据量: 0.4KB | 总耗时: 0.46s
[2026-07-19 20:43:26] ⚠️ 仅读取 5.4KB 数据: https://hls.cntv.lxdns.com/asp/hls/2000/0303000a/3/default/f0a47e155d32450daa1d36a04fd7d262/2000.m3u8
[2026-07-19 20:43:26] ✅ 测速成功: https://hls.cntv.lxdns.com/asp/hls/2000/0303000a/3/default/f0a47e155d32450daa1d36a04fd7d262/2000.m3u8
   速度: 5388.67KB/s > 140KB/s | 数据量: 5.4KB | 总耗时: 0.88s
[2026-07-19 20:43:26] ⚠️ 仅读取 5.7KB 数据: https://newcntv.qcloudcdn.com/asp/hls/2000/0303000a/3/default/d2454bbb542d4613a9db478dab2addfd/2000.m3u8
[2026-07-19 20:43:26] ✅ 测速成功: https://newcntv.qcloudcdn.com/asp/hls/2000/0303000a/3/default/d2454bbb542d4613a9db478dab2addfd/2000.m3u8
   速度: 5678.71KB/s > 140KB/s | 数据量: 5.7KB | 总耗时: 0.88s
[2026-07-19 20:43:29] ✅ 测速成功: https://www.goodiptv.club/douyu/5907076
   速度: 387.22KB/s > 140KB/s | 数据量: 104.0KB | 总耗时: 2.18s
[2026-07-19 20:43:29] ⚠️ 仅读取 0.7KB 数据: https://AMChls.wns.live/hls/stream.m3u8
[2026-07-19 20:43:29] ✅ 测速成功: https://AMChls.wns.live/hls/stream.m3u8
   速度: 660.16KB/s > 140KB/s | 数据量: 0.7KB | 总耗时: 0.62s
[2026-07-19 20:43:30] ⚠️ 仅读取 0.3KB 数据: http://61.221.215.25:8800/hls/49/index.m3u8
[2026-07-19 20:43:30] ✅ 测速成功: http://61.221.215.25:8800/hls/49/index.m3u8
   速度: 252.93KB/s > 140KB/s | 数据量: 0.3KB | 总耗时: 0.30s
[2026-07-19 20:43:32] ✅ 测速成功: https://p2.bdstatic.com/rtmp.liveshow.lss-user.baidubce.com/live/stream_bduid_6488563992_8982723413/merged_1707497046297_88536_25144_41936.m3u8
   速度: 204.73KB/s > 140KB/s | 数据量: 103.6KB | 总耗时: 1.98s
[2026-07-19 20:43:34] ⚠️ 仅读取 0.4KB 数据: https://svip.high24-playback.com/20250129/17159_7bca93c4/2000k/hls/mixed.m3u8
[2026-07-19 20:43:34] ✅ 测速成功: https://svip.high24-playback.com/20250129/17159_7bca93c4/2000k/hls/mixed.m3u8
   速度: 397.46KB/s > 140KB/s | 数据量: 0.4KB | 总耗时: 2.43s
[2026-07-19 20:43:35] ⚠️ 仅读取 0.3KB 数据: https://gcalic.v.myalicdn.com/gc/ztd_1/index.m3u8
[2026-07-19 20:43:35] ✅ 测速成功: https://gcalic.v.myalicdn.com/gc/ztd_1/index.m3u8
   速度: 304.69KB/s > 140KB/s | 数据量: 0.3KB | 总耗时: 1.09s
[2026-07-19 20:43:36] ⚠️ 仅读取 0.1KB 数据: http://gctxyc.liveplay.myqcloud.com/gc/xjtcdhsz_1/index.m3u8
[2026-07-19 20:43:36] ⚠️ 速度不足: http://gctxyc.liveplay.myqcloud.com/gc/xjtcdhsz_1/index.m3u8
   速度: 99.61KB/s <= 140KB/s | 数据量: 0.1KB | 总耗时: 1.03s
[2026-07-19 20:43:37] ⚠️ 仅读取 0.1KB 数据: http://43.156.8.127:5050/ysp?id=2024078201&pid=600001859&q=fhd
[2026-07-19 20:43:37] ⚠️ 速度不足: http://43.156.8.127:5050/ysp?id=2024078201&pid=600001859&q=fhd
   速度: 65.43KB/s <= 140KB/s | 数据量: 0.1KB | 总耗时: 0.74s
[2026-07-19 20:43:40] ✅ 测速成功: https://my9.ltd/momo-480.mp4
   速度: 148.61KB/s > 140KB/s | 数据量: 104.0KB | 总耗时: 3.69s
[2026-07-19 20:43:44] ❌ 测速失败: http://rihou.cc:555/tv/[Pd]Plus综合
   错误: HTTPConnectionPool(host='rihou.cc', port=555): Max retries exceeded with url: /tv/%5BPd%5DPlus%E7%BB%BC%E5%90%88 (Caused by ConnectTimeoutError(<HTTPConnection(host='rihou.cc', port=555) at 0x7f9d1864e520>, 'Connection to rihou.cc timed out. (connect timeout=3.05)')) | 域名: rihou.cc:555
[2026-07-19 20:43:44] ⚠️ 仅读取 0.1KB 数据: https://gctxyc.liveplay.myqcloud.com/gc/dlst03_1/index.m3u8
[2026-07-19 20:43:44] ⚠️ 速度不足: https://gctxyc.liveplay.myqcloud.com/gc/dlst03_1/index.m3u8
   速度: 97.66KB/s <= 140KB/s | 数据量: 0.1KB | 总耗时: 0.75s
[2026-07-19 20:43:45] ✅ 测速成功: http://218.81.49.34:10010/rtp/233.18.204.188:5140
   速度: 169.80KB/s > 140KB/s | 数据量: 104.0KB | 总耗时: 1.00s
[2026-07-19 20:43:46] ✅ 测速成功: http://183.47.2.156:16883/udp/239.77.1.158:5146
   速度: 164.11KB/s > 140KB/s | 数据量: 104.0KB | 总耗时: 1.03s
[2026-07-19 20:43:47] ✅ 测速成功: http://222.95.12.2:4022/rtp/239.49.0.109:8000
   速度: 161.13KB/s > 140KB/s | 数据量: 104.0KB | 总耗时: 1.05s
[2026-07-19 20:43:48] ⚠️ 仅读取 1.3KB 数据: http://221.218.13.150:8000/rtp/239.3.1.60:8084
[2026-07-19 20:43:48] ⚠️ 速度不足: http://221.218.13.150:8000/rtp/239.3.1.60:8084
   速度: 41.12KB/s <= 140KB/s | 数据量: 1.3KB | 总耗时: 0.46s
[2026-07-19 20:43:49] ✅ 测速成功: http://221.219.104.6:1193/rtp/239.3.1.60:8084
   速度: 165.54KB/s > 140KB/s | 数据量: 104.0KB | 总耗时: 1.05s
[2026-07-19 20:43:50] ✅ 测速成功: http://182.135.66.163:18888/rtp/239.94.0.20:5140
   速度: 151.07KB/s > 140KB/s | 数据量: 104.0KB | 总耗时: 1.15s
[2026-07-19 20:43:51] ✅ 测速成功: http://182.135.66.163:1888/rtp/239.94.0.20:5140
   速度: 153.69KB/s > 140KB/s | 数据量: 104.0KB | 总耗时: 1.14s
[2026-07-19 20:43:52] ✅ 测速成功: http://183.220.107.138:4022/rtp/239.11.0.65:5140
   速度: 177.26KB/s > 140KB/s | 数据量: 104.0KB | 总耗时: 0.99s
[2026-07-19 20:43:53] ⚠️ 仅读取 0.9KB 数据: http://120.76.248.139/live/bfgd/4200000488.m3u8
[2026-07-19 20:43:53] ✅ 测速成功: http://120.76.248.139/live/bfgd/4200000488.m3u8
   速度: 861.33KB/s > 140KB/s | 数据量: 0.9KB | 总耗时: 0.52s
