测速日志 2026-05-14 16:42:17
[2026-05-14 16:42:20] RTMP检测异常: rtmp://rtmp.tv.stream3.hndt.com/tv/647f9277018410008cf925e200000000?wsSecret=9a23316ee66e918684e097f&wsSecret=b314789634bcb6c484eb2af3e5f6fa81&wsTime=1778759928 | [Errno 2] No such file or directory: 'ffmpeg'
[2026-05-14 16:42:20] ✅ 测速成功: https://iptv.catvod.com/catvod?id=CCTV15&line=2
   速度: 905.27KB/s | 数据量: 0.9KB | 总耗时: 0.17s
[2026-05-14 16:42:20] ✅ 测速成功: https://iptv.catvod.com/catvod?id=CCTV15&line=8
   速度: 905.27KB/s | 数据量: 0.9KB | 总耗时: 0.17s
[2026-05-14 16:42:20] ✅ 测速成功: https://iptv.catvod.com/catvod?id=CCTV15&line=1
   速度: 905.27KB/s | 数据量: 0.9KB | 总耗时: 0.18s
[2026-05-14 16:42:20] ✅ 测速成功: http://63.141.230.178:82/gslb/zbdq5.m3u8?id=cctv5p
   速度: 192.38KB/s | 数据量: 0.2KB | 总耗时: 0.27s
[2026-05-14 16:42:20] ✅ 测速成功: http://61.221.215.25:8800/hls/49/index.m3u8
   速度: 252.93KB/s | 数据量: 0.3KB | 总耗时: 0.28s
[2026-05-14 16:42:20] ✅ 测速成功: http://63.141.230.178:82/gslb/zbdq5.m3u8?id=cctv7hd
   速度: 197.27KB/s | 数据量: 0.2KB | 总耗时: 0.29s
[2026-05-14 16:42:20] ✅ 测速成功: http://63.141.230.178:82/gslb/zbdq5.m3u8?id=cctv5hd
   速度: 194.34KB/s | 数据量: 0.2KB | 总耗时: 0.29s
[2026-05-14 16:42:20] ✅ 测速成功: http://223.112.114.228:50080/newlive/live/hls/180/live.m3u8
   速度: 232.42KB/s | 数据量: 0.2KB | 总耗时: 0.29s
[2026-05-14 16:42:20] ✅ 测速成功: http://123.146.162.24:8017/c2F0hmi/1000/live.m3u8
   速度: 444.34KB/s | 数据量: 0.4KB | 总耗时: 0.35s
[2026-05-14 16:42:20] ✅ 测速成功: http://63.141.230.178:82/gslb/zbdq5.m3u8?id=cctv6hd
   速度: 205.08KB/s | 数据量: 0.2KB | 总耗时: 0.28s
[2026-05-14 16:42:20] ✅ 测速成功: http://221.7.175.154:8445/tsfile/live/1020_1.m3u8
   速度: 433.59KB/s | 数据量: 0.4KB | 总耗时: 0.37s
[2026-05-14 16:42:21] ✅ 测速成功: http://221.7.175.154:8445/tsfile/live/1020_1.m3u8?key=txiptv&playlive=1&authid=0
   速度: 433.59KB/s | 数据量: 0.4KB | 总耗时: 0.39s
[2026-05-14 16:42:21] ✅ 测速成功: http://221.7.175.154:8445/tsfile/live/1021_1.m3u8?key=txiptv&playlive=1&authid=0
   速度: 433.59KB/s | 数据量: 0.4KB | 总耗时: 0.39s
[2026-05-14 16:42:21] ✅ 测速成功: http://cd-live-stream.news.cctvplus.com/live/smil:CHANNEL1.smil/chunklist_w744036192_b1000000.m3u8
   速度: 272.46KB/s | 数据量: 0.3KB | 总耗时: 0.72s
[2026-05-14 16:42:21] ✅ 测速成功: http://tvpull.dxhmt.cn:9081/tv/11425-1.m3u8
   速度: 1971.68KB/s | 数据量: 2.0KB | 总耗时: 0.46s
[2026-05-14 16:42:21] ✅ 测速成功: http://221.7.175.154:8445/tsfile/live/1021_1.m3u8?key=txiptv&playlive=1&authid=0
   速度: 433.59KB/s | 数据量: 0.4KB | 总耗时: 0.39s
[2026-05-14 16:42:21] ✅ 测速成功: http://d2e1asnsl7br7b.cloudfront.net/7782e205e72f43aeb4a48ec97f66ebbe/index_5.m3u8
   速度: 546.88KB/s | 数据量: 0.5KB | 总耗时: 0.19s
[2026-05-14 16:42:21] ✅ 测速成功: http://d2e1asnsl7br7b.cloudfront.net/7782e205e72f43aeb4a48ec97f66ebbe/index_5.m3u8?zshijd
   速度: 546.88KB/s | 数据量: 0.5KB | 总耗时: 0.26s
[2026-05-14 16:42:21] ✅ 测速成功: http://221.7.175.154:8445/tsfile/live/1020_1.m3u8?key=txiptv&playlive=1&authid=0
   速度: 433.59KB/s | 数据量: 0.4KB | 总耗时: 0.37s
[2026-05-14 16:42:21] ✅ 测速成功: https://liveprodusphoenixeast.akamaized.net/USPhx-HD/Channel-TX-USPhx-AWS-virginia-1/Source-USPhx-16k-1-s6lk2-BP-07-02-81ykIWnsMsg_live.m3u8
   速度: 727.54KB/s | 数据量: 0.7KB | 总耗时: 0.10s
[2026-05-14 16:42:21] ✅ 测速成功: http://61.221.215.25:8800/hls/41/index.m3u8
   速度: 250.98KB/s | 数据量: 0.3KB | 总耗时: 0.28s
[2026-05-14 16:42:21] ✅ 测速成功: https://d2e1asnsl7br7b.cloudfront.net/7782e205e72f43aeb4a48ec97f66ebbe/index_4.m3u8
   速度: 546.88KB/s | 数据量: 0.5KB | 总耗时: 0.20s
[2026-05-14 16:42:21] ✅ 测速成功: http://d2e1asnsl7br7b.cloudfront.net/7782e205e72f43aeb4a48ec97f66ebbe/index_4.m3u8
   速度: 546.88KB/s | 数据量: 0.5KB | 总耗时: 0.01s
[2026-05-14 16:42:21] ✅ 测速成功: http://live-hls-web-aja.getaj.net/AJA/02.m3u8
   速度: 375.98KB/s | 数据量: 0.4KB | 总耗时: 0.23s
[2026-05-14 16:42:21] RTMP检测异常: rtmp://f13h.mine.nu/sat/tv771 | [Errno 2] No such file or directory: 'ffmpeg'
[2026-05-14 16:42:21] RTMP检测异常: rtmp://f13h.mine.nu/sat/tv701 | [Errno 2] No such file or directory: 'ffmpeg'
[2026-05-14 16:42:21] ✅ 测速成功: http://livetv.wqwqwq.sbs/itv/5000000010000018926.m3u8?cdn=bestzb
   速度: 7460.94KB/s | 数据量: 7.5KB | 总耗时: 0.07s
[2026-05-14 16:42:21] ✅ 测速成功: https://d2e1asnsl7br7b.cloudfront.net/7782e205e72f43aeb4a48ec97f66ebbe/index_5.m3u8
   速度: 546.88KB/s | 数据量: 0.5KB | 总耗时: 0.03s
[2026-05-14 16:42:21] ✅ 测速成功: http://rbmn-live.akamaized.net/hls/live/590964/BoRB-AT/master_6660.m3u8
   速度: 5136.72KB/s | 数据量: 5.1KB | 总耗时: 0.38s
[2026-05-14 16:42:21] ✅ 测速成功: http://61.10.2.141:80/live_freedirect/freehd209_h.live/chunklist.m3u8
   速度: 1.50KB/s | 数据量: 0.2KB | 总耗时: 0.48s
[2026-05-14 16:42:22] ✅ 测速成功: https://dikcfc9915kp8.cloudfront.net/hls/1080p/playlist.m3u8
   速度: 495.12KB/s | 数据量: 0.5KB | 总耗时: 0.37s
[2026-05-14 16:42:22] ✅ 测速成功: http://61.10.2.146/live_freedirect/freehd209_h.live/playlist.m3u8
   速度: 0.91KB/s | 数据量: 0.1KB | 总耗时: 0.85s
[2026-05-14 16:42:22] ✅ 测速成功: https://kbsworld-ott.akamaized.net/hls/live/2002341/kbsworld/master.m3u8
   速度: 302.73KB/s | 数据量: 0.3KB | 总耗时: 0.08s
[2026-05-14 16:42:22] ✅ 测速成功: https://lightning-tracesport-samsungau.amagi.tv/playlist1080p.m3u8
   速度: 525.39KB/s | 数据量: 0.5KB | 总耗时: 0.50s
[2026-05-14 16:42:22] ✅ 测速成功: https://srs.iyb983.cn/video/CYS/index.m3u8
   速度: 515.62KB/s | 数据量: 0.5KB | 总耗时: 1.63s
[2026-05-14 16:42:22] ✅ 测速成功: https://srs.iyb983.cn:443/video/CYS/index.m3u8
   速度: 515.62KB/s | 数据量: 0.5KB | 总耗时: 1.63s
[2026-05-14 16:42:22] ✅ 测速成功: http://ali.hlspull.yximgs.com/live/6425965d63a08c85ca806bfcc8c75cf4.flv
   速度: 248.05KB/s | 数据量: 0.2KB | 总耗时: 0.99s
[2026-05-14 16:42:22] ✅ 测速成功: http://ali.hlspull.yximgs.com/live/zxcvbnm9852.flv
   速度: 248.05KB/s | 数据量: 0.2KB | 总耗时: 0.99s
[2026-05-14 16:42:22] ✅ 测速成功: http://live.zohi.tv/video/s10001-fztv-3/index.m3u8
   速度: 498.05KB/s | 数据量: 0.5KB | 总耗时: 1.78s
[2026-05-14 16:42:22] ✅ 测速成功: https://amdlive-ch01-ctnd-com.akamaized.net/arirang_1ch/smil:arirang_1ch.smil/chunklist_b3256000_sleng.m3u8
   速度: 275.39KB/s | 数据量: 0.3KB | 总耗时: 0.79s
[2026-05-14 16:42:22] ✅ 测速成功: https://wildearth-plex.amagi.tv/masterR1080p.m3u8
   速度: 526.37KB/s | 数据量: 0.5KB | 总耗时: 0.31s
[2026-05-14 16:42:22] ✅ 测速成功: http://nmxlive.akamaized.net/hls/live/529965/Live_1/index.m3u8
   速度: 802.73KB/s | 数据量: 0.8KB | 总耗时: 0.37s
[2026-05-14 16:42:22] ✅ 测速成功: https://rt-rtd.rttv.com/live/rtdoc/playlist_4500Kb.m3u8
   速度: 328.12KB/s | 数据量: 0.3KB | 总耗时: 0.95s
[2026-05-14 16:42:25] ✅ 测速成功: https://hwapi.yntv.net/ew265l/z1z6s5.m3u8
   速度: 266.60KB/s | 数据量: 0.3KB | 总耗时: 5.26s
